mode: count
github.com/davesavic/clink/client.go:24.40,27.27 2 24
github.com/davesavic/clink/client.go:27.27,29.3 1 28
github.com/davesavic/clink/client.go:31.2,31.10 1 24
github.com/davesavic/clink/client.go:34.30,39.2 1 24
github.com/davesavic/clink/client.go:44.64,45.36 1 16
github.com/davesavic/clink/client.go:45.36,47.3 1 2
github.com/davesavic/clink/client.go:49.2,49.26 1 16
github.com/davesavic/clink/client.go:49.26,50.59 1 2
github.com/davesavic/clink/client.go:50.59,52.4 1 0
github.com/davesavic/clink/client.go:55.2,58.55 3 16
github.com/davesavic/clink/client.go:58.55,61.69 2 19
github.com/davesavic/clink/client.go:61.69,62.9 1 1
github.com/davesavic/clink/client.go:65.3,65.29 1 18
github.com/davesavic/clink/client.go:65.29,68.4 1 3
github.com/davesavic/clink/client.go:71.2,71.16 1 16
github.com/davesavic/clink/client.go:71.16,73.3 1 0
github.com/davesavic/clink/client.go:75.2,75.18 1 16
github.com/davesavic/clink/client.go:79.59,81.16 2 1
github.com/davesavic/clink/client.go:81.16,83.3 1 0
github.com/davesavic/clink/client.go:84.2,84.18 1 1
github.com/davesavic/clink/client.go:88.62,90.16 2 1
github.com/davesavic/clink/client.go:90.16,92.3 1 0
github.com/davesavic/clink/client.go:93.2,93.18 1 1
github.com/davesavic/clink/client.go:97.58,99.16 2 1
github.com/davesavic/clink/client.go:99.16,101.3 1 0
github.com/davesavic/clink/client.go:102.2,102.18 1 1
github.com/davesavic/clink/client.go:106.75,108.16 2 1
github.com/davesavic/clink/client.go:108.16,110.3 1 0
github.com/davesavic/clink/client.go:111.2,111.18 1 1
github.com/davesavic/clink/client.go:115.74,117.16 2 1
github.com/davesavic/clink/client.go:117.16,119.3 1 0
github.com/davesavic/clink/client.go:120.2,120.18 1 1
github.com/davesavic/clink/client.go:124.76,126.16 2 1
github.com/davesavic/clink/client.go:126.16,128.3 1 0
github.com/davesavic/clink/client.go:129.2,129.18 1 1
github.com/davesavic/clink/client.go:133.61,135.16 2 1
github.com/davesavic/clink/client.go:135.16,137.3 1 0
github.com/davesavic/clink/client.go:138.2,138.18 1 1
github.com/davesavic/clink/client.go:144.45,145.25 1 16
github.com/davesavic/clink/client.go:145.25,147.3 1 16
github.com/davesavic/clink/client.go:151.43,152.25 1 2
github.com/davesavic/clink/client.go:152.25,154.3 1 2
github.com/davesavic/clink/client.go:158.52,159.25 1 2
github.com/davesavic/clink/client.go:159.25,160.35 1 2
github.com/davesavic/clink/client.go:160.35,162.4 1 2
github.com/davesavic/clink/client.go:167.36,168.25 1 2
github.com/davesavic/clink/client.go:168.25,171.3 2 2
github.com/davesavic/clink/client.go:175.54,176.25 1 1
github.com/davesavic/clink/client.go:176.25,180.3 3 1
github.com/davesavic/clink/client.go:184.42,185.25 1 1
github.com/davesavic/clink/client.go:185.25,187.3 1 1
github.com/davesavic/clink/client.go:191.38,192.25 1 1
github.com/davesavic/clink/client.go:192.25,194.3 1 1
github.com/davesavic/clink/client.go:198.95,199.25 1 3
github.com/davesavic/clink/client.go:199.25,202.3 2 3
github.com/davesavic/clink/client.go:206.70,207.21 1 7
github.com/davesavic/clink/client.go:207.21,209.3 1 1
github.com/davesavic/clink/client.go:211.2,211.26 1 6
github.com/davesavic/clink/client.go:211.26,213.3 1 1
github.com/davesavic/clink/client.go:215.2,215.33 1 5
github.com/davesavic/clink/client.go:215.33,217.3 1 5
github.com/davesavic/clink/client.go:219.2,219.70 1 5
github.com/davesavic/clink/client.go:219.70,221.3 1 1
github.com/davesavic/clink/client.go:223.2,223.12 1 4
